0 info it worked if it ends with ok
1 verbose cli [ 'C:\\Program Files\\nodejs\\node.exe',
1 verbose cli   'C:\\Program Files\\nodejs\\node_modules\\npm\\bin\\npm-cli.js',
1 verbose cli   'run',
1 verbose cli   'build' ]
2 info using npm@3.10.10
3 info using node@v6.10.0
4 verbose run-script [ 'prebuild', 'build', 'postbuild' ]
5 info lifecycle snowyowl-app@0.1.0~prebuild: snowyowl-app@0.1.0
6 silly lifecycle snowyowl-app@0.1.0~prebuild: no script for prebuild, continuing
7 info lifecycle snowyowl-app@0.1.0~build: snowyowl-app@0.1.0
8 verbose lifecycle snowyowl-app@0.1.0~build: unsafe-perm in lifecycle true
9 verbose lifecycle snowyowl-app@0.1.0~build: PATH: C:\Program Files\nodejs\node_modules\npm\bin\node-gyp-bin;C:\Users\user\Source\Repos\snowyowlanimatronic\snowyowl-app\node_modules\.bin;c:\program files\graphicsmagick-1.3.25-q16;C:\ProgramData\Oracle\Java\javapath;C:\Program Files (x86)\Intel\iCLS Client\;C:\Program Files\Intel\iCLS Client\;C:\PROGRAM FILES\DELL\DW WLAN CARD;C:\WINDOWS\SYSTEM32;C:\WINDOWS;C:\WINDOWS\SYSTEM32\WBEM;C:\WINDOWS\SYSTEM32\WINDOWSPOWERSHELL\V1.0\;C:\Program Files\WIDCOMM\Bluetooth Software\;C:\Program Files\WIDCOMM\Bluetooth Software\syswow64;C:\Program Files\Intel\Intel(R) Management Engine Components\DAL;C:\Program Files\Intel\Intel(R) Management Engine Components\IPT;C:\Program Files (x86)\Intel\Intel(R) Management Engine Components\DAL;C:\Program Files (x86)\Intel\Intel(R) Management Engine Components\IPT;C:\Program Files (x86)\Intel\OpenCL SDK\2.0\bin\x86;C:\Program Files (x86)\Intel\OpenCL SDK\2.0\bin\x64;C:\Program Files\Intel\WiFi\bin\;C:\Program Files\Common Files\Intel\WirelessCommon\;C:\WINDOWS\system32;C:\WINDOWS\System32\Wbem;C:\WINDOWS\System32\WindowsPowerShell\v1.0\;C:\Program Files\PostgreSQL\pg93\bin;C:\Program Files\Microsoft SQL Server\130\Tools\Binn\;C:\Program Files\dotnet\;C:\Program Files (x86)\GitExtensions\;C:\Program Files\Microsoft SQL Server\Client SDK\ODBC\130\Tools\Binn\;C:\Program Files (x86)\Microsoft SQL Server\130\Tools\Binn\;C:\Program Files\Microsoft SQL Server\130\DTS\Binn\;C:\Program Files (x86)\QuickTime\QTSystem\;C:\Program Files (x86)\Brackets\command;C:\xampp\php;C:\ProgramData\ComposerSetup\bin;C:\Program Files\nodejs\;C:\Program Files (x86)\Skype\Phone\;C:\Program Files (x86)\OpenShift-CLI\;C:\Program Files (x86)\Google\Cloud SDK\google-cloud-sdk\bin;C:\Program Files\MySQL\MySQL Utilities 1.6\;C:\Program Files\MySQL\MySQL Server 5.7\bin\;C:\J2EETutorial\apache-maven-3.5.0\bin;C:\Program Files (x86)\Microsoft SQL Server\Client SDK\ODBC\130\Tools\Binn\;C:\Program Files (x86)\Microsoft SQL Server\140\Tools\Binn\;C:\Program Files (x86)\Microsoft SQL Server\140\DTS\Binn\;C:\Program Files (x86)\Microsoft SQL Server\140\Tools\Binn\ManagementStudio\;C:\Program Files\Microsoft SQL Server\120\Tools\Binn\;C:\WINDOWS\system32;C:\WINDOWS;C:\WINDOWS\System32\Wbem;C:\WINDOWS\System32\WindowsPowerShell\v1.0\;C:\Program Files\Git\cmd;C:\Program Files (x86)\Windows Live\Shared;C:\Program Files (x86)\Yarn\bin\;C:\Ruby25-x64\bin;C:\Users\user\AppData\Local\Programs\Python\Python35-32\Scripts\;C:\Users\user\AppData\Local\Programs\Python\Python35-32\;C:\Users\user\AppData\Roaming\npm\jscs;C:\Program Files\Java\jdk1.8.0_91\bin;C:\Program Files\MongoDB\Server\3.2\bin;C:\Program Files\MySQL\mysql-connector-java-5.1.39;C:\Program Files\Java\jdk1.8.0_91\jre\bin;C:\Users\user\AppData\Roaming\Composer\vendor\bin;C:\Users\user\AppData\Local\Google\Cloud SDK\google-cloud-sdk\bin;C:\Users\user\AppData\Roaming\npm;C:\Users\user\AppData\Local\Microsoft\WindowsApps;C:\Program Files\Microsoft VS Code\bin;C:\Users\user\AppData\Local\Yarn\bin
10 verbose lifecycle snowyowl-app@0.1.0~build: CWD: C:\Users\user\Source\Repos\snowyowlanimatronic\snowyowl-app
11 silly lifecycle snowyowl-app@0.1.0~build: Args: [ '/d /s /c', 'pulp build' ]
12 silly lifecycle snowyowl-app@0.1.0~build: Returned: code: 1  signal: null
13 info lifecycle snowyowl-app@0.1.0~build: Failed to exec build script
14 verbose stack Error: snowyowl-app@0.1.0 build: `pulp build`
14 verbose stack Exit status 1
14 verbose stack     at EventEmitter.<anonymous> (C:\Program Files\nodejs\node_modules\npm\lib\utils\lifecycle.js:255:16)
14 verbose stack     at emitTwo (events.js:106:13)
14 verbose stack     at EventEmitter.emit (events.js:191:7)
14 verbose stack     at ChildProcess.<anonymous> (C:\Program Files\nodejs\node_modules\npm\lib\utils\spawn.js:40:14)
14 verbose stack     at emitTwo (events.js:106:13)
14 verbose stack     at ChildProcess.emit (events.js:191:7)
14 verbose stack     at maybeClose (internal/child_process.js:877:16)
14 verbose stack     at Process.ChildProcess._handle.onexit (internal/child_process.js:226:5)
15 verbose pkgid snowyowl-app@0.1.0
16 verbose cwd C:\Users\user\Source\Repos\snowyowlanimatronic\snowyowl-app
17 error Windows_NT 10.0.16299
18 error argv "C:\\Program Files\\nodejs\\node.exe" "C:\\Program Files\\nodejs\\node_modules\\npm\\bin\\npm-cli.js" "run" "build"
19 error node v6.10.0
20 error npm  v3.10.10
21 error code ELIFECYCLE
22 error snowyowl-app@0.1.0 build: `pulp build`
22 error Exit status 1
23 error Failed at the snowyowl-app@0.1.0 build script 'pulp build'.
23 error Make sure you have the latest version of node.js and npm installed.
23 error If you do, this is most likely a problem with the snowyowl-app package,
23 error not with npm itself.
23 error Tell the author that this fails on your system:
23 error     pulp build
23 error You can get information on how to open an issue for this project with:
23 error     npm bugs snowyowl-app
23 error Or if that isn't available, you can get their info via:
23 error     npm owner ls snowyowl-app
23 error There is likely additional logging output above.
24 verbose exit [ 1, true ]
